<?xml version="1.0" encoding="UTF-8"?>
<!-- Generated by org.testng.reporters.JUnitXMLReporter -->
<testsuite ignored="0" hostname="BLACKHOLE" failures="0" tests="3" name="Test" time="87.403" errors="0" timestamp="2024-03-29T05:10:43 IST">
  <testcase classname="org.leads.CreateLead" name="createLead" time="28.173"/>
  <testcase classname="org.leads.EditLead" name="editLead" time="23.483"/>
  <testcase classname="org.leads.DeleteLead" name="deleteLead" time="12.618"/>
</testsuite> <!-- Test -->
