<?xml version="1.0" encoding="UTF-8"?>
<testng-results ignored="0" total="3" passed="3" failed="0" skipped="0">
  <reporter-output>
  </reporter-output>
  <suite started-at="2024-03-29T05:09:16 IST" name="Suite" finished-at="2024-03-29T05:10:43 IST" duration-ms="87403">
    <groups>
    </groups>
    <test started-at="2024-03-29T05:09:16 IST" name="Test" finished-at="2024-03-29T05:10:43 IST" duration-ms="87403">
      <class name="org.leads.CreateLead">
        <test-method is-config="true" signature="sheetName()[pri:0, instance:org.leads.CreateLead@6302bbb1]" started-at="2024-03-29T05:09:16 IST" name="sheetName" finished-at="2024-03-29T05:09:16 IST" duration-ms="9" status="PASS">
          <reporter-output>
          </reporter-output>
        </test-method> <!-- sheetName -->
        <test-method is-config="true" signature="beforeMethod(java.lang.String,java.lang.String,java.lang.String)[pri:0, instance:org.leads.CreateLead@6302bbb1]" started-at="2024-03-29T05:09:17 IST" name="beforeMethod" finished-at="2024-03-29T05:09:25 IST" duration-ms="8914" status="PASS">
          <params>
            <param index="0">
              <value>
                <![CDATA[http://leaftaps.com/opentaps/control/main]]>
              </value>
            </param>
            <param index="1">
              <value>
                <![CDATA[DemoSalesManager]]>
              </value>
            </param>
            <param index="2">
              <value>
                <![CDATA[crmsfa]]>
              </value>
            </param>
          </params>
          <reporter-output>
          </reporter-output>
        </test-method> <!-- beforeMethod -->
        <test-method signature="createLead(java.lang.String,java.lang.String,java.lang.String,java.lang.String)[pri:0, instance:org.leads.CreateLead@6302bbb1]" started-at="2024-03-29T05:09:25 IST" name="createLead" data-provider="informations" finished-at="2024-03-29T05:09:54 IST" duration-ms="28173" status="PASS">
          <params>
            <param index="0">
              <value>
                <![CDATA[TCS]]>
              </value>
            </param>
            <param index="1">
              <value>
                <![CDATA[Kumar]]>
              </value>
            </param>
            <param index="2">
              <value>
                <![CDATA[K]]>
              </value>
            </param>
            <param index="3">
              <value>
                <![CDATA[2024]]>
              </value>
            </param>
          </params>
          <reporter-output>
          </reporter-output>
        </test-method> <!-- createLead -->
        <test-method is-config="true" signature="afterMethod()[pri:0, instance:org.leads.CreateLead@6302bbb1]" started-at="2024-03-29T05:09:54 IST" name="afterMethod" finished-at="2024-03-29T05:09:54 IST" duration-ms="159" status="PASS">
          <reporter-output>
          </reporter-output>
        </test-method> <!-- afterMethod -->
      </class> <!-- org.leads.CreateLead -->
      <class name="org.leads.DeleteLead">
        <test-method is-config="true" signature="sheetName()[pri:0, instance:org.leads.DeleteLead@4d5d943d]" started-at="2024-03-29T05:10:24 IST" name="sheetName" finished-at="2024-03-29T05:10:24 IST" duration-ms="1" status="PASS">
          <reporter-output>
          </reporter-output>
        </test-method> <!-- sheetName -->
        <test-method is-config="true" signature="beforeMethod(java.lang.String,java.lang.String,java.lang.String)[pri:0, instance:org.leads.DeleteLead@4d5d943d]" started-at="2024-03-29T05:10:24 IST" name="beforeMethod" finished-at="2024-03-29T05:10:30 IST" duration-ms="6257" status="PASS">
          <params>
            <param index="0">
              <value>
                <![CDATA[http://leaftaps.com/opentaps/control/main]]>
              </value>
            </param>
            <param index="1">
              <value>
                <![CDATA[DemoSalesManager]]>
              </value>
            </param>
            <param index="2">
              <value>
                <![CDATA[crmsfa]]>
              </value>
            </param>
          </params>
          <reporter-output>
          </reporter-output>
        </test-method> <!-- beforeMethod -->
        <test-method signature="deleteLead(java.lang.String)[pri:0, instance:org.leads.DeleteLead@4d5d943d]" started-at="2024-03-29T05:10:30 IST" name="deleteLead" data-provider="informations" finished-at="2024-03-29T05:10:43 IST" duration-ms="12618" status="PASS">
          <params>
            <param index="0">
              <value>
                <![CDATA[2024]]>
              </value>
            </param>
          </params>
          <reporter-output>
          </reporter-output>
        </test-method> <!-- deleteLead -->
        <test-method is-config="true" signature="afterMethod()[pri:0, instance:org.leads.DeleteLead@4d5d943d]" started-at="2024-03-29T05:10:43 IST" name="afterMethod" finished-at="2024-03-29T05:10:43 IST" duration-ms="151" status="PASS">
          <reporter-output>
          </reporter-output>
        </test-method> <!-- afterMethod -->
      </class> <!-- org.leads.DeleteLead -->
      <class name="org.leads.EditLead">
        <test-method is-config="true" signature="sheetName()[pri:0, instance:org.leads.EditLead@7c7b252e]" started-at="2024-03-29T05:09:54 IST" name="sheetName" finished-at="2024-03-29T05:09:54 IST" duration-ms="0" status="PASS">
          <reporter-output>
          </reporter-output>
        </test-method> <!-- sheetName -->
        <test-method is-config="true" signature="beforeMethod(java.lang.String,java.lang.String,java.lang.String)[pri:0, instance:org.leads.EditLead@7c7b252e]" started-at="2024-03-29T05:09:54 IST" name="beforeMethod" finished-at="2024-03-29T05:10:00 IST" duration-ms="6511" status="PASS">
          <params>
            <param index="0">
              <value>
                <![CDATA[http://leaftaps.com/opentaps/control/main]]>
              </value>
            </param>
            <param index="1">
              <value>
                <![CDATA[DemoSalesManager]]>
              </value>
            </param>
            <param index="2">
              <value>
                <![CDATA[crmsfa]]>
              </value>
            </param>
          </params>
          <reporter-output>
          </reporter-output>
        </test-method> <!-- beforeMethod -->
        <test-method signature="editLead(java.lang.String,java.lang.String)[pri:0, instance:org.leads.EditLead@7c7b252e]" started-at="2024-03-29T05:10:00 IST" name="editLead" data-provider="informations" finished-at="2024-03-29T05:10:24 IST" duration-ms="23483" status="PASS">
          <params>
            <param index="0">
              <value>
                <![CDATA[ 2024]]>
              </value>
            </param>
            <param index="1">
              <value>
                <![CDATA[Tesla]]>
              </value>
            </param>
          </params>
          <reporter-output>
          </reporter-output>
        </test-method> <!-- editLead -->
        <test-method is-config="true" signature="afterMethod()[pri:0, instance:org.leads.EditLead@7c7b252e]" started-at="2024-03-29T05:10:24 IST" name="afterMethod" finished-at="2024-03-29T05:10:24 IST" duration-ms="125" status="PASS">
          <reporter-output>
          </reporter-output>
        </test-method> <!-- afterMethod -->
      </class> <!-- org.leads.EditLead -->
    </test> <!-- Test -->
  </suite> <!-- Suite -->
</testng-results>
